c:\users\דולב\source\repos\osubotcpp\osubotcpp\debug\vc142.pdb
c:\users\דולב\source\repos\osubotcpp\osubotcpp\debug\vc142.idb
c:\users\דולב\source\repos\osubotcpp\osubotcpp\debug\windowshelper.obj
c:\users\דולב\source\repos\osubotcpp\osubotcpp\debug\osubotcpp.obj
c:\users\דולב\source\repos\osubotcpp\osubotcpp\debug\objects.obj
c:\users\דולב\source\repos\osubotcpp\osubotcpp\debug\beatmapparser.obj
c:\users\דולב\source\repos\osubotcpp\osubotcpp\debug\stringhelper.obj
c:\users\דולב\source\repos\osubotcpp\osubotcpp\debug\osuloader.obj
c:\users\דולב\source\repos\osubotcpp\osubotcpp\debug\filehelper.obj
c:\users\דולב\source\repos\osubotcpp\osubotcpp\debug\vc143.pdb
c:\users\דולב\source\repos\osubotcpp\osubotcpp\debug\vc143.idb
c:\users\דולב\source\repos\osubotcpp\osubotcpp\debug\objects_play.obj
c:\users\דולב\source\repos\osubotcpp\osubotcpp\debug\beatmapplayer.obj
c:\users\דולב\source\repos\osubotcpp\osubotcpp\debug\mathhelper.obj
c:\users\דולב\source\repos\osubotcpp\debug\osubotcpp.exe
c:\users\דולב\source\repos\osubotcpp\osubotcpp\debug\osubotcpp.ilk
c:\users\דולב\source\repos\osubotcpp\debug\osubotcpp.pdb
c:\users\דולב\source\repos\osubotcpp\osubotcpp\debug\filehelper.obj.enc
c:\users\דולב\source\repos\osubotcpp\debug\osubotcpp.ilk
c:\users\דולב\source\repos\osubotcpp\osubotcpp\debug\osubotcpp.tlog\cl.command.1.tlog
c:\users\דולב\source\repos\osubotcpp\osubotcpp\debug\osubotcpp.tlog\cl.read.1.tlog
c:\users\דולב\source\repos\osubotcpp\osubotcpp\debug\osubotcpp.tlog\cl.write.1.tlog
c:\users\דולב\source\repos\osubotcpp\osubotcpp\debug\osubotcpp.tlog\link.command.1.tlog
c:\users\דולב\source\repos\osubotcpp\osubotcpp\debug\osubotcpp.tlog\link.read.1.tlog
c:\users\דולב\source\repos\osubotcpp\osubotcpp\debug\osubotcpp.tlog\link.write.1.tlog
